
  è‡ªåˆ†ã®æŠ•ç¨¿è©³ç´°ç”»é¢ã®ãƒ†ã‚¹ãƒˆ
    è¡¨ç¤ºå†…å®¹ã®ç¢ºèª
[32m      URLãŒæ­£ã—ã„[0m
[32m      ã€ŒBook detailã€ã¨è¡¨ç¤ºã•ã‚Œã‚‹[0m
[32m      ãƒ¦ãƒ¼ã‚¶ç”»åƒãƒ»åå‰ã®ãƒªãƒ³ã‚¯å…ˆãŒæ­£ã—ã„[0m
[32m      æŠ•ç¨¿ã®titleãŒè¡¨ç¤ºã•ã‚Œã‚‹[0m
[32m      æŠ•ç¨¿ã®bodyãŒè¡¨ç¤ºã•ã‚Œã‚‹[0m
[32m      æŠ•ç¨¿ã®ç·¨é›†ãƒªãƒ³ã‚¯ãŒè¡¨ç¤ºã•ã‚Œã‚‹[0m
[31m      æŠ•ç¨¿ã®å‰Šé™¤ãƒªãƒ³ã‚¯ãŒè¡¨ç¤ºã•ã‚Œã‚‹ (FAILED - 1)[0m
 

    å‰Šé™¤ãƒªãƒ³ã‚¯ã®ãƒ†ã‚¹ãƒˆ
[31m      application.html.erbã«javascript_pack_tagã‚’å«ã‚“ã§ã„ã‚‹ (FAILED - 2)[0m
[31m      æ­£ã—ãå‰Šé™¤ã•ã‚Œã‚‹ (FAILED - 3)[0m
[31m      ãƒªãƒ€ã‚¤ãƒ¬ã‚¯ãƒˆå…ˆãŒã€æŠ•ç¨¿ä¸€è¦§ç”»é¢ã«ãªã£ã¦ã„ã‚‹ (FAILED - 4)[0m


    æŠ•ç¨¿ãƒ‡ãƒ¼ã‚¿ã®æ–°è¦æŠ•ç¨¿å¤±æ•—: æŠ•ç¨¿ä¸€è¦§ç”»é¢ã‹ã‚‰è¡Œã„ã€titleã‚’ç©ºã«ã™ã‚‹
[32m      æŠ•ç¨¿ãŒä¿å­˜ã•ã‚Œãªã„[0m
[31m      æŠ•ç¨¿ä¸€è¦§ç”»é¢ã‚’è¡¨ç¤ºã—ã¦ã„ã‚‹ (FAILED - 5)[0m
[32m      æ–°è¦æŠ•ç¨¿ãƒ•ã‚©ãƒ¼ãƒ ã®å†…å®¹ãŒæ­£ã—ã„[0m
[32m      ãƒãƒªãƒ‡ãƒ¼ã‚·ãƒ§ãƒ³ã‚¨ãƒ©ãƒ¼ãŒè¡¨ç¤ºã•ã‚Œã‚‹[0m


      ã‚µã‚¤ãƒ‰ãƒãƒ¼ã®ç¢ºèª
[32m        ä»–äººã®åå‰ã¨ç´¹ä»‹æ–‡ãŒè¡¨ç¤ºã•ã‚Œã‚‹[0m
[31m        ä»–äººã®ãƒ¦ãƒ¼ã‚¶ç·¨é›†ç”»é¢ã¸ã®ãƒªãƒ³ã‚¯ãŒå­˜åœ¨ã™ã‚‹ (FAILED - 6)[0m
[32m        è‡ªåˆ†ã®åå‰ã¨ç´¹ä»‹æ–‡ã¯è¡¨ç¤ºã•ã‚Œãªã„[0m
[32m        è‡ªåˆ†ã®ãƒ¦ãƒ¼ã‚¶ç·¨é›†ç”»é¢ã¸ã®ãƒªãƒ³ã‚¯ã¯å­˜åœ¨ã—ãªã„[0m
    ä»–äººã®æŠ•ç¨¿ç·¨é›†ç”»é¢
[31m      é·ç§»ã§ããšã€æŠ•ç¨¿ä¸€è¦§ç”»é¢ã«ãƒªãƒ€ã‚¤ãƒ¬ã‚¯ãƒˆã•ã‚Œã‚‹ (FAILED - 7)[0m

      ã‚µã‚¤ãƒ‰ãƒãƒ¼ã®ç¢ºèª
[32m        ä»–äººã®åå‰ã¨ç´¹ä»‹æ–‡ãŒè¡¨ç¤ºã•ã‚Œã‚‹[0m
[31m        ä»–äººã®ãƒ¦ãƒ¼ã‚¶ç·¨é›†ç”»é¢ã¸ã®ãƒªãƒ³ã‚¯ãŒå­˜åœ¨ã™ã‚‹ (FAILED - 8)[0m
[32m        è‡ªåˆ†ã®åå‰ã¨ç´¹ä»‹æ–‡ã¯è¡¨ç¤ºã•ã‚Œãªã„[0m
[32m        è‡ªåˆ†ã®ãƒ¦ãƒ¼ã‚¶ç·¨é›†ç”»é¢ã¸ã®ãƒªãƒ³ã‚¯ã¯å­˜åœ¨ã—ãªã„[0m
    ä»–äººã®ãƒ¦ãƒ¼ã‚¶æƒ…å ±ç·¨é›†ç”»é¢
[31m      é·ç§»ã§ããšã€è‡ªåˆ†ã®ãƒ¦ãƒ¼ã‚¶è©³ç´°ç”»é¢ã«ãƒªãƒ€ã‚¤ãƒ¬ã‚¯ãƒˆã•ã‚Œã‚‹ (FAILED - 9)[0m
  ã‚°ãƒªãƒƒãƒ‰ã‚·ã‚¹ãƒ†ãƒ ã®ãƒ†ã‚¹ãƒˆ: container, row, col-md-ã€‡ã‚’æ­£ã—ãä½¿ãˆã¦ã„ã‚‹
[31m    ãƒ¦ãƒ¼ã‚¶ä¸€è¦§ç”»é¢ (FAILED - 10)[0m
[31m    ãƒ¦ãƒ¼ã‚¶è©³ç´°ç”»é¢ (FAILED - 11)[0m
[31m    æŠ•ç¨¿ä¸€è¦§ç”»é¢ (FAILED - 12)[0m
[31m    æŠ•ç¨¿è©³ç´°ç”»é¢ (FAILED - 13)[0m

Failures:

  1) [STEP2] ãƒ¦ãƒ¼ã‚¶ãƒ­ã‚°ã‚¤ãƒ³å¾Œã®ãƒ†ã‚¹ãƒˆ è‡ªåˆ†ã®æŠ•ç¨¿è©³ç´°ç”»é¢ã®ãƒ†ã‚¹ãƒˆ è¡¨ç¤ºå†…å®¹ã®ç¢ºèª æŠ•ç¨¿ã®å‰Šé™¤ãƒªãƒ³ã‚¯ãŒè¡¨ç¤ºã•ã‚Œã‚‹
     [31mFailure/Error: expect(page).to have_link 'Destroy', href: book_path(book)[0m
     [31m  expected to find link "Destroy" with href "/books/1" but there were no matches[0m
     [36m# ./spec/system/02_after_login_spec.rb:133:in `block (4 levels) in <main>'[0m

  2) [STEP2] ãƒ¦ãƒ¼ã‚¶ãƒ­ã‚°ã‚¤ãƒ³å¾Œã®ãƒ†ã‚¹ãƒˆ è‡ªåˆ†ã®æŠ•ç¨¿è©³ç´°ç”»é¢ã®ãƒ†ã‚¹ãƒˆ å‰Šé™¤ãƒªãƒ³ã‚¯ã®ãƒ†ã‚¹ãƒˆ application.html.erbã«javascript_pack_tagã‚’å«ã‚“ã§ã„ã‚‹
     [31mFailure/Error: click_link 'Destroy'[0m
     [31m[0m
     [31mCapybara::ElementNotFound:[0m
     [31m  Unable to find link "Destroy"[0m
     [36m# /home/ec2-user/.rvm/gems/ruby-3.1.2/gems/capybara-3.39.2/lib/capybara/node/finders.rb:312:in `block in synced_resolve'[0m
     [36m# /home/ec2-user/.rvm/gems/ruby-3.1.2/gems/capybara-3.39.2/lib/capybara/node/base.rb:84:in `synchronize'[0m
     [36m# /home/ec2-user/.rvm/gems/ruby-3.1.2/gems/capybara-3.39.2/lib/capybara/node/finders.rb:301:in `synced_resolve'[0m
     [36m# /home/ec2-user/.rvm/gems/ruby-3.1.2/gems/capybara-3.39.2/lib/capybara/node/finders.rb:60:in `find'[0m
     [36m# /home/ec2-user/.rvm/gems/ruby-3.1.2/gems/capybara-3.39.2/lib/capybara/node/actions.rb:42:in `click_link'[0m
     [36m# /home/ec2-user/.rvm/gems/ruby-3.1.2/gems/capybara-3.39.2/lib/capybara/session.rb:773:in `click_link'[0m
     [36m# /home/ec2-user/.rvm/gems/ruby-3.1.2/gems/capybara-3.39.2/lib/capybara/dsl.rb:52:in `call'[0m
     [36m# /home/ec2-user/.rvm/gems/ruby-3.1.2/gems/capybara-3.39.2/lib/capybara/dsl.rb:52:in `click_link'[0m
     [36m# ./spec/system/02_after_login_spec.rb:201:in `block (4 levels) in <main>'[0m

  3) [STEP2] ãƒ¦ãƒ¼ã‚¶ãƒ­ã‚°ã‚¤ãƒ³å¾Œã®ãƒ†ã‚¹ãƒˆ è‡ªåˆ†ã®æŠ•ç¨¿è©³ç´°ç”»é¢ã®ãƒ†ã‚¹ãƒˆ å‰Šé™¤ãƒªãƒ³ã‚¯ã®ãƒ†ã‚¹ãƒˆ æ­£ã—ãå‰Šé™¤ã•ã‚Œã‚‹
     [31mFailure/Error: click_link 'Destroy'[0m
     [31m[0m
     [31mCapybara::ElementNotFound:[0m
     [31m  Unable to find link "Destroy"[0m
     [36m# /home/ec2-user/.rvm/gems/ruby-3.1.2/gems/capybara-3.39.2/lib/capybara/node/finders.rb:312:in `block in synced_resolve'[0m
     [36m# /home/ec2-user/.rvm/gems/ruby-3.1.2/gems/capybara-3.39.2/lib/capybara/node/base.rb:84:in `synchronize'[0m
     [36m# /home/ec2-user/.rvm/gems/ruby-3.1.2/gems/capybara-3.39.2/lib/capybara/node/finders.rb:301:in `synced_resolve'[0m
     [36m# /home/ec2-user/.rvm/gems/ruby-3.1.2/gems/capybara-3.39.2/lib/capybara/node/finders.rb:60:in `find'[0m
     [36m# /home/ec2-user/.rvm/gems/ruby-3.1.2/gems/capybara-3.39.2/lib/capybara/node/actions.rb:42:in `click_link'[0m
     [36m# /home/ec2-user/.rvm/gems/ruby-3.1.2/gems/capybara-3.39.2/lib/capybara/session.rb:773:in `click_link'[0m
     [36m# /home/ec2-user/.rvm/gems/ruby-3.1.2/gems/capybara-3.39.2/lib/capybara/dsl.rb:52:in `call'[0m
     [36m# /home/ec2-user/.rvm/gems/ruby-3.1.2/gems/capybara-3.39.2/lib/capybara/dsl.rb:52:in `click_link'[0m
     [36m# ./spec/system/02_after_login_spec.rb:201:in `block (4 levels) in <main>'[0m

  4) [STEP2] ãƒ¦ãƒ¼ã‚¶ãƒ­ã‚°ã‚¤ãƒ³å¾Œã®ãƒ†ã‚¹ãƒˆ è‡ªåˆ†ã®æŠ•ç¨¿è©³ç´°ç”»é¢ã®ãƒ†ã‚¹ãƒˆ å‰Šé™¤ãƒªãƒ³ã‚¯ã®ãƒ†ã‚¹ãƒˆ ãƒªãƒ€ã‚¤ãƒ¬ã‚¯ãƒˆå…ˆãŒã€æŠ•ç¨¿ä¸€è¦§ç”»é¢ã«ãªã£ã¦ã„ã‚‹
     [31mFailure/Error: click_link 'Destroy'[0m
     [31m[0m
     [31mCapybara::ElementNotFound:[0m
     [31m  Unable to find link "Destroy"[0m
     [36m# /home/ec2-user/.rvm/gems/ruby-3.1.2/gems/capybara-3.39.2/lib/capybara/node/finders.rb:312:in `block in synced_resolve'[0m
     [36m# /home/ec2-user/.rvm/gems/ruby-3.1.2/gems/capybara-3.39.2/lib/capybara/node/base.rb:84:in `synchronize'[0m
     [36m# /home/ec2-user/.rvm/gems/ruby-3.1.2/gems/capybara-3.39.2/lib/capybara/node/finders.rb:301:in `synced_resolve'[0m
     [36m# /home/ec2-user/.rvm/gems/ruby-3.1.2/gems/capybara-3.39.2/lib/capybara/node/finders.rb:60:in `find'[0m
     [36m# /home/ec2-user/.rvm/gems/ruby-3.1.2/gems/capybara-3.39.2/lib/capybara/node/actions.rb:42:in `click_link'[0m
     [36m# /home/ec2-user/.rvm/gems/ruby-3.1.2/gems/capybara-3.39.2/lib/capybara/session.rb:773:in `click_link'[0m
     [36m# /home/ec2-user/.rvm/gems/ruby-3.1.2/gems/capybara-3.39.2/lib/capybara/dsl.rb:52:in `call'[0m
     [36m# /home/ec2-user/.rvm/gems/ruby-3.1.2/gems/capybara-3.39.2/lib/capybara/dsl.rb:52:in `click_link'[0m
     [36m# ./spec/system/02_after_login_spec.rb:201:in `block (4 levels) in <main>'[0m

  5) [STEP3] ä»•ä¸Šã’ã®ãƒ†ã‚¹ãƒˆ å‡¦ç†å¤±æ•—æ™‚ã®ãƒ†ã‚¹ãƒˆ æŠ•ç¨¿ãƒ‡ãƒ¼ã‚¿ã®æ–°è¦æŠ•ç¨¿å¤±æ•—: æŠ•ç¨¿ä¸€è¦§ç”»é¢ã‹ã‚‰è¡Œã„ã€titleã‚’ç©ºã«ã™ã‚‹ æŠ•ç¨¿ä¸€è¦§ç”»é¢ã‚’è¡¨ç¤ºã—ã¦ã„ã‚‹
     [31mFailure/Error: expect(page).to have_content other_book.body[0m
     [31m  expected to find text "lskv7bwfug1emdhpnqa4" in "Bookers\nHome Users Books Log out\nUser info\nname 408s3a7d83 introduction qs04n9jk3y0cmjgjcifa\nNew book\n1 errors prohibited this obj from being saved:\nTitle can't be blank\nTitle Opinion\nBooks\nTitle Opinion h6buf ahghc41wqm2gezcsyrq2"[0m
     [36m# ./spec/system/03_finishing_touches_spec.rb:138:in `block (4 levels) in <main>'[0m

  6) [STEP3] ä»•ä¸Šã’ã®ãƒ†ã‚¹ãƒˆ ä»–äººã®ç”»é¢ã®ãƒ†ã‚¹ãƒˆ ä»–äººã®æŠ•ç¨¿è©³ç´°ç”»é¢ã®ãƒ†ã‚¹ãƒˆ ã‚µã‚¤ãƒ‰ãƒãƒ¼ã®ç¢ºèª ä»–äººã®ãƒ¦ãƒ¼ã‚¶ç·¨é›†ç”»é¢ã¸ã®ãƒªãƒ³ã‚¯ãŒå­˜åœ¨ã™ã‚‹
     [31mFailure/Error: expect(page).to have_link '', href: edit_user_path(other_user)[0m
     [31m  expected to find link "" with href "/users/2/edit" but there were no matches[0m
     [36m# ./spec/system/03_finishing_touches_spec.rb:248:in `block (5 levels) in <main>'[0m

  7) [STEP3] ä»•ä¸Šã’ã®ãƒ†ã‚¹ãƒˆ ä»–äººã®ç”»é¢ã®ãƒ†ã‚¹ãƒˆ ä»–äººã®æŠ•ç¨¿ç·¨é›†ç”»é¢ é·ç§»ã§ããšã€æŠ•ç¨¿ä¸€è¦§ç”»é¢ã«ãƒªãƒ€ã‚¤ãƒ¬ã‚¯ãƒˆã•ã‚Œã‚‹
     [31mFailure/Error: expect(current_path).to eq '/books'[0m
     [31m[0m
     [31m  expected: "/books"[0m
     [31m       got: "/books/3/edit"[0m
     [31m[0m
     [31m  (compared using ==)[0m
     [36m# ./spec/system/03_finishing_touches_spec.rb:269:in `block (4 levels) in <main>'[0m

  8) [STEP3] ä»•ä¸Šã’ã®ãƒ†ã‚¹ãƒˆ ä»–äººã®ç”»é¢ã®ãƒ†ã‚¹ãƒˆ ä»–äººã®ãƒ¦ãƒ¼ã‚¶è©³ç´°ç”»é¢ã®ãƒ†ã‚¹ãƒˆ ã‚µã‚¤ãƒ‰ãƒãƒ¼ã®ç¢ºèª ä»–äººã®ãƒ¦ãƒ¼ã‚¶ç·¨é›†ç”»é¢ã¸ã®ãƒªãƒ³ã‚¯ãŒå­˜åœ¨ã™ã‚‹
     [31mFailure/Error: expect(page).to have_link '', href: edit_user_path(other_user)[0m
     [31m  expected to find link "" with href "/users/2/edit" but there were no matches[0m
     [36m# ./spec/system/03_finishing_touches_spec.rb:303:in `block (5 levels) in <main>'[0m

  9) [STEP3] ä»•ä¸Šã’ã®ãƒ†ã‚¹ãƒˆ ä»–äººã®ç”»é¢ã®ãƒ†ã‚¹ãƒˆ ä»–äººã®ãƒ¦ãƒ¼ã‚¶æƒ…å ±ç·¨é›†ç”»é¢ é·ç§»ã§ããšã€è‡ªåˆ†ã®ãƒ¦ãƒ¼ã‚¶è©³ç´°ç”»é¢ã«ãƒªãƒ€ã‚¤ãƒ¬ã‚¯ãƒˆã•ã‚Œã‚‹
     [31mFailure/Error: expect(current_path).to eq '/users/' + user.id.to_s[0m
     [31m[0m
     [31m  expected: "/users/1"[0m
     [31m       got: "/"[0m
     [31m[0m
     [31m  (compared using ==)[0m
     [36m# ./spec/system/03_finishing_touches_spec.rb:318:in `block (4 levels) in <main>'[0m

  10) [STEP3] ä»•ä¸Šã’ã®ãƒ†ã‚¹ãƒˆ ã‚°ãƒªãƒƒãƒ‰ã‚·ã‚¹ãƒ†ãƒ ã®ãƒ†ã‚¹ãƒˆ: container, row, col-md-ã€‡ã‚’æ­£ã—ãä½¿ãˆã¦ã„ã‚‹ ãƒ¦ãƒ¼ã‚¶ä¸€è¦§ç”»é¢
      [31mFailure/Error: is_expected.to have_selector '.container .row .col-md-3'[0m
      [31m  expected to find css ".container .row .col-md-3" but there were no matches[0m
      [36m# ./spec/system/03_finishing_touches_spec.rb:335:in `block (3 levels) in <main>'[0m

  11) [STEP3] ä»•ä¸Šã’ã®ãƒ†ã‚¹ãƒˆ ã‚°ãƒªãƒƒãƒ‰ã‚·ã‚¹ãƒ†ãƒ ã®ãƒ†ã‚¹ãƒˆ: container, row, col-md-ã€‡ã‚’æ­£ã—ãä½¿ãˆã¦ã„ã‚‹ ãƒ¦ãƒ¼ã‚¶è©³ç´°ç”»é¢
      [31mFailure/Error: is_expected.to have_selector '.container .row .col-md-3'[0m
      [31m  expected to find css ".container .row .col-md-3" but there were no matches[0m
      [36m# ./spec/system/03_finishing_touches_spec.rb:340:in `block (3 levels) in <main>'[0m

  12) [STEP3] ä»•ä¸Šã’ã®ãƒ†ã‚¹ãƒˆ ã‚°ãƒªãƒƒãƒ‰ã‚·ã‚¹ãƒ†ãƒ ã®ãƒ†ã‚¹ãƒˆ: container, row, col-md-ã€‡ã‚’æ­£ã—ãä½¿ãˆã¦ã„ã‚‹ æŠ•ç¨¿ä¸€è¦§ç”»é¢
      [31mFailure/Error: is_expected.to have_selector '.container .row .col-md-3'[0m
      [31m  expected to find css ".container .row .col-md-3" but there were no matches[0m
      [36m# ./spec/system/03_finishing_touches_spec.rb:345:in `block (3 levels) in <main>'[0m

  13) [STEP3] ä»•ä¸Šã’ã®ãƒ†ã‚¹ãƒˆ ã‚°ãƒªãƒƒãƒ‰ã‚·ã‚¹ãƒ†ãƒ ã®ãƒ†ã‚¹ãƒˆ: container, row, col-md-ã€‡ã‚’æ­£ã—ãä½¿ãˆã¦ã„ã‚‹ æŠ•ç¨¿è©³ç´°ç”»é¢
      [31mFailure/Error: is_expected.to have_selector '.container .row .col-md-3'[0m
      [31m  expected to find css ".container .row .col-md-3" but there were no matches[0m
      [36m# ./spec/system/03_finishing_touches_spec.rb:350:in `block (3 levels) in <main>'[0m

  14) [STEP3] ä»•ä¸Šã’ã®ãƒ†ã‚¹ãƒˆ ã‚¢ã‚¤ã‚³ãƒ³ã®ãƒ†ã‚¹ãƒˆ ãƒ˜ãƒƒãƒ€ãƒ¼: ãƒ­ã‚°ã‚¤ãƒ³ã—ã¦ã„ã‚‹å ´åˆ Usersãƒªãƒ³ã‚¯ã®ã‚¢ã‚¤ã‚³ãƒ³ãŒè¡¨ç¤ºã•ã‚Œã‚‹
      [31mFailure/Error: is_expected.to have_selector '.fa-solid.fa-users, .fas.fa-users'[0m
      [31m  expected to find css ".fa-solid.fa-users, .fas.fa-users" but there were no matches[0m
      [36m# ./spec/system/03_finishing_touches_spec.rb:415:in `block (4 levels) in <main>'[0m

Finished in 54.52 seconds (files took 2.47 seconds to load)
[31m199 examples, 14 failures[0m

Failed examples:

[31mrspec ./spec/system/02_after_login_spec.rb:132[0m [36m# [STEP2] ãƒ¦ãƒ¼ã‚¶ãƒ­ã‚°ã‚¤ãƒ³å¾Œã®ãƒ†ã‚¹ãƒˆ è‡ªåˆ†ã®æŠ•ç¨¿è©³ç´°ç”»é¢ã®ãƒ†ã‚¹ãƒˆ è¡¨ç¤ºå†…å®¹ã®ç¢ºèª æŠ•ç¨¿ã®å‰Šé™¤ãƒªãƒ³ã‚¯ãŒè¡¨ç¤ºã•ã‚Œã‚‹[0m
[31mrspec ./spec/system/02_after_login_spec.rb:189[0m [36m# [STEP2] ãƒ¦ãƒ¼ã‚¶ãƒ­ã‚°ã‚¤ãƒ³å¾Œã®ãƒ†ã‚¹ãƒˆ è‡ªåˆ†ã®æŠ•ç¨¿è©³ç´°ç”»é¢ã®ãƒ†ã‚¹ãƒˆ å‰Šé™¤ãƒªãƒ³ã‚¯ã®ãƒ†ã‚¹ãƒˆ application.html.erbã«javascript_pack_tagã‚’å«ã‚“ã§ã„ã‚‹[0m
[31mrspec ./spec/system/02_after_login_spec.rb:203[0m [36m# [STEP2] ãƒ¦ãƒ¼ã‚¶ãƒ­ã‚°ã‚¤ãƒ³å¾Œã®ãƒ†ã‚¹ãƒˆ è‡ªåˆ†ã®æŠ•ç¨¿è©³ç´°ç”»é¢ã®ãƒ†ã‚¹ãƒˆ å‰Šé™¤ãƒªãƒ³ã‚¯ã®ãƒ†ã‚¹ãƒˆ æ­£ã—ãå‰Šé™¤ã•ã‚Œã‚‹[0m
[31mrspec ./spec/system/02_after_login_spec.rb:206[0m [36m# [STEP2] ãƒ¦ãƒ¼ã‚¶ãƒ­ã‚°ã‚¤ãƒ³å¾Œã®ãƒ†ã‚¹ãƒˆ è‡ªåˆ†ã®æŠ•ç¨¿è©³ç´°ç”»é¢ã®ãƒ†ã‚¹ãƒˆ å‰Šé™¤ãƒªãƒ³ã‚¯ã®ãƒ†ã‚¹ãƒˆ ãƒªãƒ€ã‚¤ãƒ¬ã‚¯ãƒˆå…ˆãŒã€æŠ•ç¨¿ä¸€è¦§ç”»é¢ã«ãªã£ã¦ã„ã‚‹[0m
[31mrspec ./spec/system/03_finishing_touches_spec.rb:134[0m [36m# [STEP3] ä»•ä¸Šã’ã®ãƒ†ã‚¹ãƒˆ å‡¦ç†å¤±æ•—æ™‚ã®ãƒ†ã‚¹ãƒˆ æŠ•ç¨¿ãƒ‡ãƒ¼ã‚¿ã®æ–°è¦æŠ•ç¨¿å¤±æ•—: æŠ•ç¨¿ä¸€è¦§ç”»é¢ã‹ã‚‰è¡Œã„ã€titleã‚’ç©ºã«ã™ã‚‹ æŠ•ç¨¿ä¸€è¦§ç”»é¢ã‚’è¡¨ç¤ºã—ã¦ã„ã‚‹[0m
[31mrspec ./spec/system/03_finishing_touches_spec.rb:247[0m [36m# [STEP3] ä»•ä¸Šã’ã®ãƒ†ã‚¹ãƒˆ ä»–äººã®ç”»é¢ã®ãƒ†ã‚¹ãƒˆ ä»–äººã®æŠ•ç¨¿è©³ç´°ç”»é¢ã®ãƒ†ã‚¹ãƒˆ ã‚µã‚¤ãƒ‰ãƒãƒ¼ã®ç¢ºèª ä»–äººã®ãƒ¦ãƒ¼ã‚¶ç·¨é›†ç”»é¢ã¸ã®ãƒªãƒ³ã‚¯ãŒå­˜åœ¨ã™ã‚‹[0m
[31mrspec ./spec/system/03_finishing_touches_spec.rb:265[0m [36m# [STEP3] ä»•ä¸Šã’ã®ãƒ†ã‚¹ãƒˆ ä»–äººã®ç”»é¢ã®ãƒ†ã‚¹ãƒˆ ä»–äººã®æŠ•ç¨¿ç·¨é›†ç”»é¢ é·ç§»ã§ããšã€æŠ•ç¨¿ä¸€è¦§ç”»é¢ã«ãƒªãƒ€ã‚¤ãƒ¬ã‚¯ãƒˆã•ã‚Œã‚‹[0m
[31mrspec ./spec/system/03_finishing_touches_spec.rb:302[0m [36m# [STEP3] ä»•ä¸Šã’ã®ãƒ†ã‚¹ãƒˆ ä»–äººã®ç”»é¢ã®ãƒ†ã‚¹ãƒˆ ä»–äººã®ãƒ¦ãƒ¼ã‚¶è©³ç´°ç”»é¢ã®ãƒ†ã‚¹ãƒˆ ã‚µã‚¤ãƒ‰ãƒãƒ¼ã®ç¢ºèª ä»–äººã®ãƒ¦ãƒ¼ã‚¶ç·¨é›†ç”»é¢ã¸ã®ãƒªãƒ³ã‚¯ãŒå­˜åœ¨ã™ã‚‹[0m
[31mrspec ./spec/system/03_finishing_touches_spec.rb:316[0m [36m# [STEP3] ä»•ä¸Šã’ã®ãƒ†ã‚¹ãƒˆ ä»–äººã®ç”»é¢ã®ãƒ†ã‚¹ãƒˆ ä»–äººã®ãƒ¦ãƒ¼ã‚¶æƒ…å ±ç·¨é›†ç”»é¢ é·ç§»ã§ããšã€è‡ªåˆ†ã®ãƒ¦ãƒ¼ã‚¶è©³ç´°ç”»é¢ã«ãƒªãƒ€ã‚¤ãƒ¬ã‚¯ãƒˆã•ã‚Œã‚‹[0m
[31mrspec ./spec/system/03_finishing_touches_spec.rb:333[0m [36m# [STEP3] ä»•ä¸Šã’ã®ãƒ†ã‚¹ãƒˆ ã‚°ãƒªãƒƒãƒ‰ã‚·ã‚¹ãƒ†ãƒ ã®ãƒ†ã‚¹ãƒˆ: container, row, col-md-ã€‡ã‚’æ­£ã—ãä½¿ãˆã¦ã„ã‚‹ ãƒ¦ãƒ¼ã‚¶ä¸€è¦§ç”»é¢[0m
[31mrspec ./spec/system/03_finishing_touches_spec.rb:338[0m [36m# [STEP3] ä»•ä¸Šã’ã®ãƒ†ã‚¹ãƒˆ ã‚°ãƒªãƒƒãƒ‰ã‚·ã‚¹ãƒ†ãƒ ã®ãƒ†ã‚¹ãƒˆ: container, row, col-md-ã€‡ã‚’æ­£ã—ãä½¿ãˆã¦ã„ã‚‹ ãƒ¦ãƒ¼ã‚¶è©³ç´°ç”»é¢[0m
[31mrspec ./spec/system/03_finishing_touches_spec.rb:343[0m [36m# [STEP3] ä»•ä¸Šã’ã®ãƒ†ã‚¹ãƒˆ ã‚°ãƒªãƒƒãƒ‰ã‚·ã‚¹ãƒ†ãƒ ã®ãƒ†ã‚¹ãƒˆ: container, row, col-md-ã€‡ã‚’æ­£ã—ãä½¿ãˆã¦ã„ã‚‹ æŠ•ç¨¿ä¸€è¦§ç”»é¢[0m
[31mrspec ./spec/system/03_finishing_touches_spec.rb:348[0m [36m# [STEP3] ä»•ä¸Šã’ã®ãƒ†ã‚¹ãƒˆ ã‚°ãƒªãƒƒãƒ‰ã‚·ã‚¹ãƒ†ãƒ ã®ãƒ†ã‚¹ãƒˆ: container, row, col-md-ã€‡ã‚’æ­£ã—ãä½¿ãˆã¦ã„ã‚‹ æŠ•ç¨¿è©³ç´°ç”»é¢[0m
[31mrspec ./spec/system/03_finishing_touches_spec.rb:414[0m [36m# [STEP3] ä»•ä¸Šã’ã®ãƒ†ã‚¹ãƒˆ ã‚¢ã‚¤ã‚³ãƒ³ã®ãƒ†ã‚¹ãƒˆ ãƒ˜ãƒƒãƒ€ãƒ¼: ãƒ­ã‚°ã‚¤ãƒ³ã—ã¦ã„ã‚‹å ´åˆ Usersãƒªãƒ³ã‚¯ã®ã‚¢ã‚¤ã‚³ãƒ³ãŒè¡¨ç¤ºã•ã‚Œã‚‹[0m

